0 silly argv {
0 silly argv   _: [ 'run' ],
0 silly argv   lernaVersion: '8.1.2',
0 silly argv   '$0': '/Users/simontanna/repos/github/2024/fjord/fjord-foundry-sdk/node_modules/.bin/lerna',
0 silly argv   script: 'clean'
0 silly argv }
1 notice cli v8.1.2
2 verbose packageConfigs Resolving packages based on package.json "workspaces" configuration.
3 verbose rootPath /Users/simontanna/repos/github/2024/fjord/fjord-foundry-sdk
4 error Failed to process project graph.
4 error   The "nx/js/dependencies-and-lockfile" plugin threw an error while creating nodes from package-lock.json:
4 error     SyntaxError: Unexpected token < in JSON at position 115903
4 error         at JSON.parse (<anonymous>)
4 error         at parsePackageLockFile (/Users/simontanna/repos/github/2024/fjord/fjord-foundry-sdk/node_modules/nx/src/plugins/js/lock-file/npm-parser.js:20:26)
4 error         at getNpmLockfileNodes (/Users/simontanna/repos/github/2024/fjord/fjord-foundry-sdk/node_modules/nx/src/plugins/js/lock-file/npm-parser.js:26:18)
4 error         at getLockFileNodes (/Users/simontanna/repos/github/2024/fjord/fjord-foundry-sdk/node_modules/nx/src/plugins/js/lock-file/lock-file.js:39:57)
4 error         at exports.createNodes (/Users/simontanna/repos/github/2024/fjord/fjord-foundry-sdk/node_modules/nx/src/plugins/js/index.js:42:64)
4 error         at createProjectConfigurations (/Users/simontanna/repos/github/2024/fjord/fjord-foundry-sdk/node_modules/nx/src/project-graph/utils/project-configuration-utils.js:251:25)
4 error         at _retrieveProjectConfigurations (/Users/simontanna/repos/github/2024/fjord/fjord-foundry-sdk/node_modules/nx/src/project-graph/utils/retrieve-workspace-files.js:61:74)
4 error         at retrieveProjectConfigurations (/Users/simontanna/repos/github/2024/fjord/fjord-foundry-sdk/node_modules/nx/src/project-graph/utils/retrieve-workspace-files.js:46:12)
4 error         at process.processTicksAndRejections (node:internal/process/task_queues:95:5)
